<?xml version="1.0" encoding="UTF-8"?>
<testng-results skipped="0" failed="0" total="1" passed="1">
  <reporter-output>
  </reporter-output>
  <suite name="EncapsulationTest" duration-ms="107" started-at="2016-03-18T20:11:26Z" finished-at="2016-03-18T20:11:26Z">
    <groups>
    </groups>
    <test name="Command line test" duration-ms="107" started-at="2016-03-18T20:11:26Z" finished-at="2016-03-18T20:11:26Z">
      <class name="EncapsulationTest">
        <test-method status="PASS" signature="setUpClass()[pri:0, instance:EncapsulationTest@19fc4e]" name="setUpClass" is-config="true" duration-ms="25" started-at="2016-03-18T22:11:26Z" finished-at="2016-03-18T22:11:26Z">
          <reporter-output>
          </reporter-output>
        </test-method> <!-- setUpClass -->
        <test-method status="PASS" signature="setUpMethod()[pri:0, instance:EncapsulationTest@19fc4e]" name="setUpMethod" is-config="true" duration-ms="47" started-at="2016-03-18T22:11:26Z" finished-at="2016-03-18T22:11:26Z">
          <reporter-output>
          </reporter-output>
        </test-method> <!-- setUpMethod -->
        <test-method status="PASS" signature="testEncapsulation()[pri:0, instance:EncapsulationTest@19fc4e]" name="testEncapsulation" duration-ms="8" started-at="2016-03-18T22:11:26Z" finished-at="2016-03-18T22:11:26Z">
          <reporter-output>
          </reporter-output>
        </test-method> <!-- testEncapsulation -->
        <test-method status="PASS" signature="tearDownMethod()[pri:0, instance:EncapsulationTest@19fc4e]" name="tearDownMethod" is-config="true" duration-ms="0" started-at="2016-03-18T22:11:26Z" finished-at="2016-03-18T22:11:26Z">
          <reporter-output>
          </reporter-output>
        </test-method> <!-- tearDownMethod -->
        <test-method status="PASS" signature="tearDownClass()[pri:0, instance:EncapsulationTest@19fc4e]" name="tearDownClass" is-config="true" duration-ms="1" started-at="2016-03-18T22:11:26Z" finished-at="2016-03-18T22:11:26Z">
          <reporter-output>
          </reporter-output>
        </test-method> <!-- tearDownClass -->
      </class> <!-- EncapsulationTest -->
    </test> <!-- Command line test -->
  </suite> <!-- EncapsulationTest -->
</testng-results>
