<?xml version="1.0" encoding="UTF-8"?>
<!-- Generated by org.testng.reporters.JUnitXMLReporter -->
<testsuite hostname="Roman" name="Command line test" tests="3" failures="0" timestamp="16 Mar 2016 21:25:15 GMT" time="0.07" errors="0">
  <testcase name="testOcpViolationCat" time="0.008" classname="principles.ocp.OcpViolationTest"/>
  <testcase name="testOcpViolationDefault" time="0.0" classname="principles.ocp.OcpViolationTest"/>
  <testcase name="testOcpViolationDog" time="0.001" classname="principles.ocp.OcpViolationTest"/>
</testsuite> <!-- Command line test -->
