<?xml version="1.0" encoding="UTF-8"?>
<!-- Generated by org.testng.reporters.JUnitXMLReporter -->
<testsuite hostname="Roman" name="Command line test" tests="15" failures="0" timestamp="17 Mar 2016 13:24:46 GMT" time="0.122" errors="0">
  <testcase name="testDipCorrection" time="0.007" classname="principles.dip.DipCorrectionTest"/>
  <testcase name="testDip" time="0.001" classname="principles.dip.DipVioationTest"/>
  <testcase name="testIspCorrection" time="0.0" classname="principles.isp.IspCorrrectioTest"/>
  <testcase name="testIspViolation" time="0.0" classname="principles.isp.IspViolationTest"/>
  <testcase name="testLspCorrection" time="0.001" classname="principles.lsp.LspCorrectionTest"/>
  <testcase name="testLsp" time="0.001" classname="principles.lsp.LspViolatioTest"/>
  <testcase name="testOcpCorrectionDog" time="0.001" classname="principles.ocp.OcpCorrectionTest"/>
  <testcase name="testOcpCorrectionnCat" time="0.0" classname="principles.ocp.OcpCorrectionTest"/>
  <testcase name="testOcpViolationCat" time="0.001" classname="principles.ocp.OcpViolationTest"/>
  <testcase name="testOcpViolationDefault" time="0.0" classname="principles.ocp.OcpViolationTest"/>
  <testcase name="testOcpViolationDog" time="0.0" classname="principles.ocp.OcpViolationTest"/>
  <testcase name="testPlkCorrection" time="0.001" classname="principles.plk.PlkCorrectionTest"/>
  <testcase name="testPlkViolation" time="0.004" classname="principles.plk.PlkViolationTest"/>
  <testcase name="testSrpCorrectionTest" time="0.0" classname="principles.srp.correction.SrpCorrectionTest"/>
  <testcase name="testSrpViolation" time="0.0" classname="principles.srp.violation.SrpViolatioTest"/>
</testsuite> <!-- Command line test -->
