<?xml version="1.0" encoding="UTF-8"?>
<!-- Generated by org.testng.reporters.JUnitXMLReporter -->
<testsuite hostname="Roman" tests="4" failures="0" timestamp="18 Mar 2016 14:04:23 GMT" time="0.171" errors="0">
  <testcase name="testEncapsulation" time="0.012" classname="EncapsulationTest"/>
  <testcase name="testInheritance" time="0.001" classname="InheritanceTest"/>
  <testcase name="testPolymorphism" time="0.0" classname="PolymorphismTest"/>
  <testcase name="testPolymorphismTheory" time="0.0" classname="PolymorphismTest"/>
</testsuite>
